<?xml version="1.0" encoding="UTF-8"?>
<testsuite xmlns:xsi="http://www.w3.org/2001/XMLSchema-instance" xsi:noNamespaceSchemaLocation="https://maven.apache.org/surefire/maven-surefire-plugin/xsd/surefire-test-report.xsd" name="com.example.demo.EmployeesServiceTest" time="0.779" tests="3" errors="1" skipped="0" failures="2">
  <properties>
[...]
</properties>
  <testcase name="deleteByIdTest" classname="com.example.demo.EmployeesServiceTest" time="0.749">
    <failure message="&#10;Wanted but not invoked:&#10;employeeRepository.deleteById(&#10;    &lt;Capturing argument&gt;&#10;);&#10;-&gt; at com.example.demo.EmployeesServiceTest.deleteByIdTest(EmployeesServiceTest.java:79)&#10;Actually, there were zero interactions with this mock.&#10;" type="org.mockito.exceptions.verification.WantedButNotInvoked"><![CDATA[org.mockito.exceptions.verification.WantedButNotInvoked: 

Wanted but not invoked:
employeeRepository.deleteById(
    <Capturing argument>
);
-> at com.example.demo.EmployeesServiceTest.deleteByIdTest(EmployeesServiceTest.java:79)
Actually, there were zero interactions with this mock.

	at com.example.demo.EmployeesServiceTest.deleteByIdTest(EmployeesServiceTest.java:79)
]]></failure>
  </testcase>
  <testcase name="getAllEmployeesTest" classname="com.example.demo.EmployeesServiceTest" time="0.007">
    <failure message="expected:&lt;null&gt; but was:&lt;username&gt;" type="java.lang.AssertionError"><![CDATA[java.lang.AssertionError: expected:<null> but was:<username>
	at com.example.demo.EmployeesServiceTest.getAllEmployeesTest(EmployeesServiceTest.java:54)
]]></failure>
  </testcase>
  <testcase name="returnEmployeeById" classname="com.example.demo.EmployeesServiceTest" time="0.003">
    <error message="No value present" type="java.util.NoSuchElementException">java.util.NoSuchElementException: No value present
	at com.example.demo.EmployeesServiceTest.returnEmployeeById(EmployeesServiceTest.java:93)
</error>
  </testcase>
</testsuite>